2019-06-15T16:21:38.746592+00:00 app[api]: Initial release by user dmoraroca@gmail.com
2019-06-15T16:21:38.904396+00:00 app[api]: Enable Logplex by user dmoraroca@gmail.com
2019-06-15T16:21:38.746592+00:00 app[api]: Release v1 created by user dmoraroca@gmail.com
2019-06-15T16:21:38.904396+00:00 app[api]: Release v2 created by user dmoraroca@gmail.com
2019-06-15T16:22:08.000000+00:00 app[api]: Build started by user dmoraroca@gmail.com
2019-06-15T16:22:10.000000+00:00 app[api]: Build failed -- check your build output: https://dashboard.heroku.com/apps/2b8ee7da-3b13-402e-b52d-83e81ceaa031/activity/builds/9e015912-0c85-49a0-b081-c3beda320f74
2019-06-15T16:23:10.000000+00:00 app[api]: Build started by user dmoraroca@gmail.com
2019-06-15T16:23:11.000000+00:00 app[api]: Build failed -- check your build output: https://dashboard.heroku.com/apps/2b8ee7da-3b13-402e-b52d-83e81ceaa031/activity/builds/29c0e7d2-ddd2-4611-9db0-cc82ea83337e
2019-06-15T16:26:59.000000+00:00 app[api]: Build started by user dmoraroca@gmail.com
2019-06-15T16:27:01.000000+00:00 app[api]: Build failed -- check your build output: https://dashboard.heroku.com/apps/2b8ee7da-3b13-402e-b52d-83e81ceaa031/activity/builds/34c9386a-196c-4b37-9cc7-5ae1a01c81e8
2019-06-15T16:27:50.000000+00:00 app[api]: Build started by user dmoraroca@gmail.com
2019-06-15T16:27:51.000000+00:00 app[api]: Build failed -- check your build output: https://dashboard.heroku.com/apps/2b8ee7da-3b13-402e-b52d-83e81ceaa031/activity/builds/5f5ad201-db36-4366-80c1-04951ad45874
2019-06-15T16:37:40.000000+00:00 app[api]: Build started by user dmoraroca@gmail.com
2019-06-15T16:40:55.000000+00:00 app[api]: Build failed -- check your build output: https://dashboard.heroku.com/apps/2b8ee7da-3b13-402e-b52d-83e81ceaa031/activity/builds/6d499ecc-499f-4049-acd0-ddb285934120
2019-06-15T16:43:57.000000+00:00 app[api]: Build started by user dmoraroca@gmail.com
2019-06-15T16:47:07.000000+00:00 app[api]: Build failed -- check your build output: https://dashboard.heroku.com/apps/2b8ee7da-3b13-402e-b52d-83e81ceaa031/activity/builds/10deb689-bdf5-4476-8ade-7214c64d3cf1
2019-06-15T17:05:34.000000+00:00 app[api]: Build started by user dmoraroca@gmail.com
2019-06-15T17:08:49.000000+00:00 app[api]: Build failed -- check your build output: https://dashboard.heroku.com/apps/2b8ee7da-3b13-402e-b52d-83e81ceaa031/activity/builds/bbb149ed-b857-48d1-a7aa-a35f40e0115d
2019-06-15T17:16:10.000000+00:00 app[api]: Build started by user dmoraroca@gmail.com
2019-06-15T17:19:38.000000+00:00 app[api]: Build failed -- check your build output: https://dashboard.heroku.com/apps/2b8ee7da-3b13-402e-b52d-83e81ceaa031/activity/builds/afb25986-ba3e-4ce5-8a54-db9842153c20
2019-06-16T18:50:41.000000+00:00 app[api]: Build started by user dmoraroca@gmail.com
2019-06-16T18:53:51.000000+00:00 app[api]: Build failed -- check your build output: https://dashboard.heroku.com/apps/2b8ee7da-3b13-402e-b52d-83e81ceaa031/activity/builds/cb0504fc-9d8d-41d9-9e1a-5c3d6eda6130
2019-06-16T18:59:15.000000+00:00 app[api]: Build started by user dmoraroca@gmail.com
2019-06-16T19:02:23.000000+00:00 app[api]: Build failed -- check your build output: https://dashboard.heroku.com/apps/2b8ee7da-3b13-402e-b52d-83e81ceaa031/activity/builds/d500ec59-164d-4c46-bb09-f5c4af860e75
2019-06-16T19:02:54.000000+00:00 app[api]: Build started by user dmoraroca@gmail.com
2019-06-16T19:06:09.000000+00:00 app[api]: Build failed -- check your build output: https://dashboard.heroku.com/apps/2b8ee7da-3b13-402e-b52d-83e81ceaa031/activity/builds/04e4aa79-d79e-41fd-b4bc-f57d1dc26130
2019-06-16T19:11:43.000000+00:00 app[api]: Build started by user dmoraroca@gmail.com
2019-06-16T19:14:53.000000+00:00 app[api]: Build failed -- check your build output: https://dashboard.heroku.com/apps/2b8ee7da-3b13-402e-b52d-83e81ceaa031/activity/builds/b69020b2-b6ad-4bcf-9f65-fa208471b472
2019-06-16T19:30:56.000000+00:00 app[api]: Build started by user dmoraroca@gmail.com
2019-06-16T19:34:18.000000+00:00 app[api]: Build failed -- check your build output: https://dashboard.heroku.com/apps/2b8ee7da-3b13-402e-b52d-83e81ceaa031/activity/builds/dd00a4ae-6006-4115-ba82-72f9008db6de
2019-06-17T18:39:18.000000+00:00 app[api]: Build started by user dmoraroca@gmail.com
2019-06-17T18:42:39.000000+00:00 app[api]: Build failed -- check your build output: https://dashboard.heroku.com/apps/2b8ee7da-3b13-402e-b52d-83e81ceaa031/activity/builds/5c65484c-67b0-440a-bf06-1c03d1634ccf
2019-06-17T18:54:25.000000+00:00 app[api]: Build started by user dmoraroca@gmail.com
2019-06-17T18:57:47.000000+00:00 app[api]: Build failed -- check your build output: https://dashboard.heroku.com/apps/2b8ee7da-3b13-402e-b52d-83e81ceaa031/activity/builds/f2001e53-55bb-433e-99be-b62ba1220a94
2019-06-18T14:30:28.000000+00:00 app[api]: Build started by user dmoraroca@gmail.com
2019-06-18T14:30:33.000000+00:00 app[api]: Build failed -- check your build output: https://dashboard.heroku.com/apps/2b8ee7da-3b13-402e-b52d-83e81ceaa031/activity/builds/36348a80-1d0e-46e2-aa48-e516679117f4
2019-06-18T14:37:53.000000+00:00 app[api]: Build started by user dmoraroca@gmail.com
2019-06-18T14:37:58.000000+00:00 app[api]: Build failed -- check your build output: https://dashboard.heroku.com/apps/2b8ee7da-3b13-402e-b52d-83e81ceaa031/activity/builds/8c7cfb3b-d532-4ea5-885c-50ef3abb87e5
2019-06-18T14:39:33.000000+00:00 app[api]: Build started by user dmoraroca@gmail.com
2019-06-18T14:39:37.000000+00:00 app[api]: Build failed -- check your build output: https://dashboard.heroku.com/apps/2b8ee7da-3b13-402e-b52d-83e81ceaa031/activity/builds/17450bd2-59b0-469d-ad24-fde96c904b25
2019-06-18T14:40:43.000000+00:00 app[api]: Build started by user dmoraroca@gmail.com
2019-06-18T14:40:48.000000+00:00 app[api]: Build failed -- check your build output: https://dashboard.heroku.com/apps/2b8ee7da-3b13-402e-b52d-83e81ceaa031/activity/builds/28e128e9-cc7b-42b4-9b77-f05d203afa8c
2019-06-18T14:41:31.000000+00:00 app[api]: Build started by user dmoraroca@gmail.com
2019-06-18T14:41:36.000000+00:00 app[api]: Build failed -- check your build output: https://dashboard.heroku.com/apps/2b8ee7da-3b13-402e-b52d-83e81ceaa031/activity/builds/0f71ebc4-53e4-49b1-888c-a90c142a4eda
2019-06-18T14:44:27.000000+00:00 app[api]: Build started by user dmoraroca@gmail.com
2019-06-18T14:44:29.000000+00:00 app[api]: Build failed -- check your build output: https://dashboard.heroku.com/apps/2b8ee7da-3b13-402e-b52d-83e81ceaa031/activity/builds/ea622631-2e5e-4d8f-a691-6d37ace2216c
2019-06-18T14:45:31.000000+00:00 app[api]: Build started by user dmoraroca@gmail.com
2019-06-18T14:48:38.000000+00:00 app[api]: Build failed -- check your build output: https://dashboard.heroku.com/apps/2b8ee7da-3b13-402e-b52d-83e81ceaa031/activity/builds/9cd89067-3fd5-40ba-a005-4c83e0a88ed5
2019-06-18T14:50:49.000000+00:00 app[api]: Build started by user dmoraroca@gmail.com
2019-06-18T14:54:00.000000+00:00 app[api]: Build failed -- check your build output: https://dashboard.heroku.com/apps/2b8ee7da-3b13-402e-b52d-83e81ceaa031/activity/builds/86000fdb-50c5-47de-935b-89c7caf67762
2019-06-19T11:50:32.000000+00:00 app[api]: Build started by user dmoraroca@gmail.com
2019-06-19T11:50:37.000000+00:00 app[api]: Build failed -- check your build output: https://dashboard.heroku.com/apps/2b8ee7da-3b13-402e-b52d-83e81ceaa031/activity/builds/399841ce-c06c-44cb-8585-8e6656806e22
2019-06-19T11:51:12.000000+00:00 app[api]: Build started by user dmoraroca@gmail.com
2019-06-19T11:51:17.000000+00:00 app[api]: Build failed -- check your build output: https://dashboard.heroku.com/apps/2b8ee7da-3b13-402e-b52d-83e81ceaa031/activity/builds/8d97d44f-ed33-4f49-9dfe-a2fd3535d7b1
2019-06-19T12:14:55.000000+00:00 app[api]: Build started by user dmoraroca@gmail.com
2019-06-19T12:18:06.000000+00:00 app[api]: Build failed -- check your build output: https://dashboard.heroku.com/apps/2b8ee7da-3b13-402e-b52d-83e81ceaa031/activity/builds/44353bfa-33a0-48d4-bd40-9fa89314ab50
2019-06-19T12:19:36.000000+00:00 app[api]: Build started by user dmoraroca@gmail.com
2019-06-19T12:20:45.000000+00:00 app[api]: Build failed -- check your build output: https://dashboard.heroku.com/apps/2b8ee7da-3b13-402e-b52d-83e81ceaa031/activity/builds/a6c3eada-be7f-4c9b-a19b-5cc7a48929c3
2019-06-19T13:39:31.000000+00:00 app[api]: Build started by user dmoraroca@gmail.com
2019-06-19T13:40:39.000000+00:00 app[api]: Build failed -- check your build output: https://dashboard.heroku.com/apps/2b8ee7da-3b13-402e-b52d-83e81ceaa031/activity/builds/1ef5a458-821b-46c8-8674-65e1f81c19b8
2019-06-19T13:43:43.000000+00:00 app[api]: Build started by user dmoraroca@gmail.com
2019-06-19T13:45:01.000000+00:00 app[api]: Build failed -- check your build output: https://dashboard.heroku.com/apps/2b8ee7da-3b13-402e-b52d-83e81ceaa031/activity/builds/2998ab7a-51cd-4bd0-adc9-84f5a1faac3b
2019-06-19T14:33:01.000000+00:00 app[api]: Build started by user dmoraroca@gmail.com
2019-06-19T14:34:13.000000+00:00 app[api]: Build failed -- check your build output: https://dashboard.heroku.com/apps/2b8ee7da-3b13-402e-b52d-83e81ceaa031/activity/builds/917255b7-0277-4ccd-a38f-322a8423e84d
2019-06-19T14:46:06.000000+00:00 app[api]: Build started by user dmoraroca@gmail.com
2019-06-19T14:47:23.000000+00:00 app[api]: Build failed -- check your build output: https://dashboard.heroku.com/apps/2b8ee7da-3b13-402e-b52d-83e81ceaa031/activity/builds/10787176-b6a3-49d9-a75a-af0c88cd2679
2019-06-19T15:02:10.000703+00:00 heroku[router]: at=info code=H81 desc="Blank app" method=GET path="/" host=dmorarocacv.herokuapp.com request_id=9e028422-faa6-4227-a1d2-429a56bb397d fwd="79.148.63.95" dyno= connect= service= status=502 bytes= protocol=https
2019-06-19T15:02:10.210001+00:00 heroku[router]: at=info code=H81 desc="Blank app" method=GET path="/favicon.ico" host=dmorarocacv.herokuapp.com request_id=ed548ef6-86cd-424f-8c60-773309ce5f75 fwd="79.148.63.95" dyno= connect= service= status=502 bytes= protocol=https
2019-06-19T15:07:53.000000+00:00 app[api]: Build started by user dmoraroca@gmail.com
2019-06-19T15:09:07.000000+00:00 app[api]: Build failed -- check your build output: https://dashboard.heroku.com/apps/2b8ee7da-3b13-402e-b52d-83e81ceaa031/activity/builds/38716a9b-846e-492c-8e2d-7954238abc16
2019-06-19T20:37:50.000000+00:00 app[api]: Build started by user dmoraroca@gmail.com
2019-06-19T20:39:04.000000+00:00 app[api]: Build failed -- check your build output: https://dashboard.heroku.com/apps/2b8ee7da-3b13-402e-b52d-83e81ceaa031/activity/builds/72c2fd59-e836-4caa-a4f1-13678341bb9c
2019-06-19T20:39:54.000000+00:00 app[api]: Build started by user dmoraroca@gmail.com
2019-06-19T20:41:04.000000+00:00 app[api]: Build failed -- check your build output: https://dashboard.heroku.com/apps/2b8ee7da-3b13-402e-b52d-83e81ceaa031/activity/builds/a045ccbf-c62a-46e4-9453-52504aa6275f
2019-06-19T20:49:16.000000+00:00 app[api]: Build started by user dmoraroca@gmail.com
2019-06-19T20:50:29.000000+00:00 app[api]: Build failed -- check your build output: https://dashboard.heroku.com/apps/2b8ee7da-3b13-402e-b52d-83e81ceaa031/activity/builds/7bd5a9b8-0c25-43aa-8eb1-0f0e60ce5ae6
2019-06-19T20:52:06.000000+00:00 app[api]: Build started by user dmoraroca@gmail.com
2019-06-19T20:53:17.000000+00:00 app[api]: Build failed -- check your build output: https://dashboard.heroku.com/apps/2b8ee7da-3b13-402e-b52d-83e81ceaa031/activity/builds/93d90026-2f47-46aa-a299-0c75270adb81
2019-06-20T09:55:03.000000+00:00 app[api]: Build started by user dmoraroca@gmail.com
2019-06-20T09:56:19.000000+00:00 app[api]: Build failed -- check your build output: https://dashboard.heroku.com/apps/2b8ee7da-3b13-402e-b52d-83e81ceaa031/activity/builds/00214cab-f002-441b-9667-f48312706a44
2019-06-20T09:57:15.000000+00:00 app[api]: Build started by user dmoraroca@gmail.com
2019-06-20T09:58:25.000000+00:00 app[api]: Build failed -- check your build output: https://dashboard.heroku.com/apps/2b8ee7da-3b13-402e-b52d-83e81ceaa031/activity/builds/085fc87b-5df7-4401-abc4-a6de44152e69
2019-06-20T10:19:02.257170+00:00 heroku[router]: at=info code=H81 desc="Blank app" method=GET path="/" host=dmorarocacv.herokuapp.com request_id=6f795b52-daae-47e9-b07e-c46c7eb50d1d fwd="79.148.63.95" dyno= connect= service= status=502 bytes= protocol=https
2019-06-20T10:19:02.442244+00:00 heroku[router]: at=info code=H81 desc="Blank app" method=GET path="/favicon.ico" host=dmorarocacv.herokuapp.com request_id=eb47d6d2-20ff-4306-bea2-4c1ee3cc8ef5 fwd="79.148.63.95" dyno= connect= service= status=502 bytes= protocol=https
2019-06-20T10:21:47.000000+00:00 app[api]: Build started by user dmoraroca@gmail.com
2019-06-20T10:25:05.000000+00:00 app[api]: Build failed -- check your build output: https://dashboard.heroku.com/apps/2b8ee7da-3b13-402e-b52d-83e81ceaa031/activity/builds/b9d52250-77a8-4b23-a909-f3bb720691e2
2019-06-20T11:14:25.000000+00:00 app[api]: Build started by user dmoraroca@gmail.com
2019-06-20T11:17:29.000000+00:00 app[api]: Build failed -- check your build output: https://dashboard.heroku.com/apps/2b8ee7da-3b13-402e-b52d-83e81ceaa031/activity/builds/2e1d5cbf-03d4-4536-bb46-233609023f8f
2019-06-21T11:57:35.000000+00:00 app[api]: Build started by user dmoraroca@gmail.com
2019-06-21T12:00:54.000000+00:00 app[api]: Build failed -- check your build output: https://dashboard.heroku.com/apps/2b8ee7da-3b13-402e-b52d-83e81ceaa031/activity/builds/7223f64a-63fd-48dd-9e25-6b8785ef9b72
2019-06-21T12:25:19.000000+00:00 app[api]: Build started by user dmoraroca@gmail.com
2019-06-21T12:25:22.000000+00:00 app[api]: Build failed -- check your build output: https://dashboard.heroku.com/apps/2b8ee7da-3b13-402e-b52d-83e81ceaa031/activity/builds/e9221a59-e326-4416-9b83-60b4083d1349
2019-06-21T12:27:33.000000+00:00 app[api]: Build started by user dmoraroca@gmail.com
2019-06-21T12:27:37.000000+00:00 app[api]: Build failed -- check your build output: https://dashboard.heroku.com/apps/2b8ee7da-3b13-402e-b52d-83e81ceaa031/activity/builds/dbb18643-17b2-46a0-b993-c185f46fc4c1
2019-06-21T12:28:06.000000+00:00 app[api]: Build started by user dmoraroca@gmail.com
2019-06-21T12:28:10.000000+00:00 app[api]: Build failed -- check your build output: https://dashboard.heroku.com/apps/2b8ee7da-3b13-402e-b52d-83e81ceaa031/activity/builds/43295a03-6c01-4a76-8683-80f63e44541a
2019-06-21T12:29:22.000000+00:00 app[api]: Build started by user dmoraroca@gmail.com
2019-06-21T12:32:46.000000+00:00 app[api]: Build failed -- check your build output: https://dashboard.heroku.com/apps/2b8ee7da-3b13-402e-b52d-83e81ceaa031/activity/builds/6bfd0b66-7efd-4710-b031-7f781afa5e9e
2019-06-21T12:34:54.829250+00:00 heroku[router]: at=info code=H81 desc="Blank app" method=GET path="/" host=dmorarocacv.herokuapp.com request_id=db89e47f-4e63-4b5d-8104-d63d41b5ecd0 fwd="79.148.63.95" dyno= connect= service= status=502 bytes= protocol=https
2019-06-21T12:34:55.030114+00:00 heroku[router]: at=info code=H81 desc="Blank app" method=GET path="/favicon.ico" host=dmorarocacv.herokuapp.com request_id=3d391f3c-6f9b-41e9-ba17-67e740be99a7 fwd="79.148.63.95" dyno= connect= service= status=502 bytes= protocol=https
2019-06-21T13:41:59.000000+00:00 app[api]: Build started by user dmoraroca@gmail.com
2019-06-21T13:42:17.333382+00:00 heroku[router]: at=info code=H81 desc="Blank app" method=GET path="/" host=dmorarocacv.herokuapp.com request_id=6297c942-9016-4e47-a99e-9f24639db700 fwd="79.148.63.95" dyno= connect= service= status=502 bytes= protocol=https
2019-06-21T13:42:17.569990+00:00 heroku[router]: at=info code=H81 desc="Blank app" method=GET path="/favicon.ico" host=dmorarocacv.herokuapp.com request_id=21d75223-0420-4717-be3a-98cb913850b3 fwd="79.148.63.95" dyno= connect= service= status=502 bytes= protocol=https
2019-06-21T13:45:27.000000+00:00 app[api]: Build failed -- check your build output: https://dashboard.heroku.com/apps/2b8ee7da-3b13-402e-b52d-83e81ceaa031/activity/builds/5ef04714-688b-4dec-aac0-5b51b4157eee
2019-06-21T13:50:04.000000+00:00 app[api]: Build started by user dmoraroca@gmail.com
2019-06-21T13:53:29.000000+00:00 app[api]: Build failed -- check your build output: https://dashboard.heroku.com/apps/2b8ee7da-3b13-402e-b52d-83e81ceaa031/activity/builds/b148644b-dbb0-4362-8a11-4cb69d51e1c2
2019-06-21T13:56:28.000000+00:00 app[api]: Build started by user dmoraroca@gmail.com
2019-06-21T13:59:57.000000+00:00 app[api]: Build failed -- check your build output: https://dashboard.heroku.com/apps/2b8ee7da-3b13-402e-b52d-83e81ceaa031/activity/builds/29e5393a-9d78-46a9-bee9-04a928a451f8
2019-06-21T16:18:30.000000+00:00 app[api]: Build started by user dmoraroca@gmail.com
2019-06-21T16:21:49.000000+00:00 app[api]: Build failed -- check your build output: https://dashboard.heroku.com/apps/2b8ee7da-3b13-402e-b52d-83e81ceaa031/activity/builds/544410b6-ab57-489d-98a5-782ba3c27517
2019-06-21T16:26:55.000000+00:00 app[api]: Build started by user dmoraroca@gmail.com
2019-06-21T16:30:07.000000+00:00 app[api]: Build failed -- check your build output: https://dashboard.heroku.com/apps/2b8ee7da-3b13-402e-b52d-83e81ceaa031/activity/builds/f2345e87-4673-4885-bdfa-7cac470604a5
2019-06-21T17:17:18.000000+00:00 app[api]: Build started by user dmoraroca@gmail.com
2019-06-21T17:17:22.000000+00:00 app[api]: Build failed -- check your build output: https://dashboard.heroku.com/apps/2b8ee7da-3b13-402e-b52d-83e81ceaa031/activity/builds/c8272c98-3fe5-437b-9bea-e69bfa551c27
2019-06-21T17:17:28.000000+00:00 app[api]: Build started by user dmoraroca@gmail.com
2019-06-21T17:17:32.000000+00:00 app[api]: Build failed -- check your build output: https://dashboard.heroku.com/apps/2b8ee7da-3b13-402e-b52d-83e81ceaa031/activity/builds/7eef64c1-0f29-4621-a08a-9db1708a3c9b
2019-06-21T17:18:26.000000+00:00 app[api]: Build started by user dmoraroca@gmail.com
2019-06-21T17:21:58.000000+00:00 app[api]: Build failed -- check your build output: https://dashboard.heroku.com/apps/2b8ee7da-3b13-402e-b52d-83e81ceaa031/activity/builds/4caa49c8-4f78-4677-b88f-ae3e44b56a5f
2019-06-21T17:58:04.000000+00:00 app[api]: Build started by user dmoraroca@gmail.com
2019-06-21T18:01:25.000000+00:00 app[api]: Build failed -- check your build output: https://dashboard.heroku.com/apps/2b8ee7da-3b13-402e-b52d-83e81ceaa031/activity/builds/53192cf1-eb1c-40f2-9d5f-1979cdb1904a
2019-06-21T18:14:16.000000+00:00 app[api]: Build started by user dmoraroca@gmail.com
2019-06-21T18:17:41.000000+00:00 app[api]: Build failed -- check your build output: https://dashboard.heroku.com/apps/2b8ee7da-3b13-402e-b52d-83e81ceaa031/activity/builds/533a46e6-38ca-4c3b-aac4-d7520d1fec6c
2019-06-21T18:24:05.000000+00:00 app[api]: Build started by user dmoraroca@gmail.com
2019-06-21T18:27:30.000000+00:00 app[api]: Build failed -- check your build output: https://dashboard.heroku.com/apps/2b8ee7da-3b13-402e-b52d-83e81ceaa031/activity/builds/3b0c9c26-4a94-4c8f-97ad-3d2f7f1d06ea
2019-06-21T18:27:32.000000+00:00 app[api]: Build started by user dmoraroca@gmail.com
2019-06-21T18:31:07.000000+00:00 app[api]: Build failed -- check your build output: https://dashboard.heroku.com/apps/2b8ee7da-3b13-402e-b52d-83e81ceaa031/activity/builds/1618f658-b83d-495f-ba6a-146bcfffd5e7
2019-06-21T18:32:31.000000+00:00 app[api]: Build started by user dmoraroca@gmail.com
2019-06-21T18:36:10.000000+00:00 app[api]: Build failed -- check your build output: https://dashboard.heroku.com/apps/2b8ee7da-3b13-402e-b52d-83e81ceaa031/activity/builds/acdf2817-1f76-4766-b470-5a16912c7bb3
2019-06-21T20:47:12.000000+00:00 app[api]: Build started by user dmoraroca@gmail.com
2019-06-21T20:50:21.000000+00:00 app[api]: Build failed -- check your build output: https://dashboard.heroku.com/apps/2b8ee7da-3b13-402e-b52d-83e81ceaa031/activity/builds/ff67a0d4-8e9d-45d0-931a-df67fd98ed40
2019-06-21T20:50:21.000000+00:00 app[api]: Build started by user dmoraroca@gmail.com
2019-06-21T20:53:29.000000+00:00 app[api]: Build failed -- check your build output: https://dashboard.heroku.com/apps/2b8ee7da-3b13-402e-b52d-83e81ceaa031/activity/builds/e489cc54-dee7-4b93-912d-dd7f418498ef
2019-06-21T20:57:17.000000+00:00 app[api]: Build started by user dmoraroca@gmail.com
2019-06-21T20:59:55.000000+00:00 app[api]: Build failed -- check your build output: https://dashboard.heroku.com/apps/2b8ee7da-3b13-402e-b52d-83e81ceaa031/activity/builds/69eb6c62-add1-48a2-9cdd-10c1ec8bcdb6
2019-06-21T21:06:04.000000+00:00 app[api]: Build started by user dmoraroca@gmail.com
2019-06-21T21:08:42.000000+00:00 app[api]: Build failed -- check your build output: https://dashboard.heroku.com/apps/2b8ee7da-3b13-402e-b52d-83e81ceaa031/activity/builds/55a06f5c-78c7-47af-9ec1-de172de1fcda
2019-06-21T21:59:59.000000+00:00 app[api]: Build started by user dmoraroca@gmail.com
2019-06-21T22:00:03.000000+00:00 app[api]: Build failed -- check your build output: https://dashboard.heroku.com/apps/2b8ee7da-3b13-402e-b52d-83e81ceaa031/activity/builds/cd0cb924-a859-4489-8c4f-98450ea5e17f
2019-06-21T22:01:38.000000+00:00 app[api]: Build started by user dmoraroca@gmail.com
2019-06-21T22:01:42.000000+00:00 app[api]: Build failed -- check your build output: https://dashboard.heroku.com/apps/2b8ee7da-3b13-402e-b52d-83e81ceaa031/activity/builds/d5625157-1ad9-4bda-8cd9-ac239c217e74
2019-06-21T22:01:53.000000+00:00 app[api]: Build started by user dmoraroca@gmail.com
2019-06-21T22:02:00.000000+00:00 app[api]: Build failed -- check your build output: https://dashboard.heroku.com/apps/2b8ee7da-3b13-402e-b52d-83e81ceaa031/activity/builds/449830d4-b9dc-4473-8f55-f81cb8526b83
2019-06-21T22:05:50.000000+00:00 app[api]: Build started by user dmoraroca@gmail.com
2019-06-21T22:05:52.000000+00:00 app[api]: Build failed -- check your build output: https://dashboard.heroku.com/apps/2b8ee7da-3b13-402e-b52d-83e81ceaa031/activity/builds/5dd9a9f5-9223-43c3-985d-089ac3944651
2019-06-21T22:07:00.000000+00:00 app[api]: Build started by user dmoraroca@gmail.com
2019-06-21T22:09:39.000000+00:00 app[api]: Build failed -- check your build output: https://dashboard.heroku.com/apps/2b8ee7da-3b13-402e-b52d-83e81ceaa031/activity/builds/006233e6-58fc-408b-b4d4-d5a18f2b7aa1
2019-06-21T22:11:34.000000+00:00 app[api]: Build started by user dmoraroca@gmail.com
2019-06-21T22:14:13.000000+00:00 app[api]: Build failed -- check your build output: https://dashboard.heroku.com/apps/2b8ee7da-3b13-402e-b52d-83e81ceaa031/activity/builds/f41f0562-c624-4fb7-bee3-b00db6f34588
2019-06-21T22:29:56.000000+00:00 app[api]: Build started by user dmoraroca@gmail.com
2019-06-21T22:32:23.000000+00:00 app[api]: Build failed -- check your build output: https://dashboard.heroku.com/apps/2b8ee7da-3b13-402e-b52d-83e81ceaa031/activity/builds/ea6d27b9-ad51-45fc-95e9-5a953ab1549d
2019-06-21T22:34:33.000000+00:00 app[api]: Build started by user dmoraroca@gmail.com
2019-06-21T22:36:59.000000+00:00 app[api]: Build failed -- check your build output: https://dashboard.heroku.com/apps/2b8ee7da-3b13-402e-b52d-83e81ceaa031/activity/builds/ad9cc068-93c8-4334-9431-401b57c3c612
2019-06-22T11:29:21.000000+00:00 app[api]: Build started by user dmoraroca@gmail.com
2019-06-22T11:31:59.000000+00:00 app[api]: Build failed -- check your build output: https://dashboard.heroku.com/apps/2b8ee7da-3b13-402e-b52d-83e81ceaa031/activity/builds/defbf8b9-4fb6-4c38-bda9-4e0a431f0d32
2019-06-22T11:32:57.000000+00:00 app[api]: Build started by user dmoraroca@gmail.com
2019-06-22T11:35:37.000000+00:00 app[api]: Build failed -- check your build output: https://dashboard.heroku.com/apps/2b8ee7da-3b13-402e-b52d-83e81ceaa031/activity/builds/67a22228-45ad-4cc3-a80d-db8a06b236ba
2019-06-22T14:19:03.000000+00:00 app[api]: Build started by user dmoraroca@gmail.com
2019-06-22T14:21:46.000000+00:00 app[api]: Build failed -- check your build output: https://dashboard.heroku.com/apps/2b8ee7da-3b13-402e-b52d-83e81ceaa031/activity/builds/fcbdb932-f44e-4faf-9943-09bc0192ddf5
2019-06-22T14:24:18.000000+00:00 app[api]: Build started by user dmoraroca@gmail.com
2019-06-22T14:26:56.000000+00:00 app[api]: Build failed -- check your build output: https://dashboard.heroku.com/apps/2b8ee7da-3b13-402e-b52d-83e81ceaa031/activity/builds/824bf7ba-e102-49c0-9097-7c836b46452b
2019-06-22T15:57:44.253409+00:00 heroku[router]: at=info code=H81 desc="Blank app" method=GET path="/" host=dmorarocacv.herokuapp.com request_id=15bd477c-78de-407d-850c-df3a835bbee5 fwd="79.148.63.95" dyno= connect= service= status=502 bytes= protocol=https
2019-06-22T15:57:44.469669+00:00 heroku[router]: at=info code=H81 desc="Blank app" method=GET path="/favicon.ico" host=dmorarocacv.herokuapp.com request_id=197098b4-b6dd-44df-9759-b4dad1786133 fwd="79.148.63.95" dyno= connect= service= status=502 bytes= protocol=https
2019-06-22T15:57:50.660106+00:00 heroku[router]: at=info code=H81 desc="Blank app" method=GET path="/" host=dmorarocacv.herokuapp.com request_id=e321629b-5dbf-4b7c-83b0-2136b8aa7c02 fwd="79.148.63.95" dyno= connect= service= status=502 bytes= protocol=https
2019-06-22T15:57:50.810230+00:00 heroku[router]: at=info code=H81 desc="Blank app" method=GET path="/favicon.ico" host=dmorarocacv.herokuapp.com request_id=c9eda089-f862-46fb-9840-2b9feefe201a fwd="79.148.63.95" dyno= connect= service= status=502 bytes= protocol=https
2019-06-22T16:01:27.000000+00:00 app[api]: Build started by user dmoraroca@gmail.com
2019-06-22T16:04:13.000000+00:00 app[api]: Build failed -- check your build output: https://dashboard.heroku.com/apps/2b8ee7da-3b13-402e-b52d-83e81ceaa031/activity/builds/fde52468-a1a4-492b-88cf-693b91b63ddd
2019-06-22T16:13:03.000000+00:00 app[api]: Build started by user dmoraroca@gmail.com
2019-06-22T16:15:47.000000+00:00 app[api]: Build failed -- check your build output: https://dashboard.heroku.com/apps/2b8ee7da-3b13-402e-b52d-83e81ceaa031/activity/builds/7e000412-9aec-4d08-b79a-a9320aa239ca
2019-06-22T16:19:25.000000+00:00 app[api]: Build started by user dmoraroca@gmail.com
2019-06-22T16:22:03.000000+00:00 app[api]: Build failed -- check your build output: https://dashboard.heroku.com/apps/2b8ee7da-3b13-402e-b52d-83e81ceaa031/activity/builds/9404de21-a6d6-4c9e-a336-298728ab3a8e
2019-06-22T16:55:20.000000+00:00 app[api]: Build started by user dmoraroca@gmail.com
2019-06-22T16:58:56.008807+00:00 app[api]: Release v3 created by user dmoraroca@gmail.com
2019-06-22T16:58:56.008807+00:00 app[api]: Deploy 272e0f1f by user dmoraroca@gmail.com
2019-06-22T16:58:56.027487+00:00 app[api]: Scaled to web@1:Free by user dmoraroca@gmail.com
2019-06-22T16:59:15.371973+00:00 heroku[web.1]: Starting process with command `npm start`
2019-06-22T16:59:15.000000+00:00 app[api]: Build succeeded
2019-06-22T16:59:17.756873+00:00 heroku[web.1]: State changed from starting to crashed
2019-06-22T16:59:17.768179+00:00 heroku[web.1]: State changed from crashed to starting
2019-06-22T16:59:17.612184+00:00 app[web.1]: 
2019-06-22T16:59:17.612346+00:00 app[web.1]: > admin-angular@0.0.0 start /app
2019-06-22T16:59:17.612348+00:00 app[web.1]: > node ./dist/server.js
2019-06-22T16:59:17.612349+00:00 app[web.1]: 
2019-06-22T16:59:17.664652+00:00 app[web.1]: internal/modules/cjs/loader.js:626
2019-06-22T16:59:17.664657+00:00 app[web.1]: throw err;
2019-06-22T16:59:17.664664+00:00 app[web.1]: ^
2019-06-22T16:59:17.664666+00:00 app[web.1]: 
2019-06-22T16:59:17.664668+00:00 app[web.1]: Error: Cannot find module 'express'
2019-06-22T16:59:17.664670+00:00 app[web.1]: Require stack:
2019-06-22T16:59:17.664672+00:00 app[web.1]: - /app/dist/server.js
2019-06-22T16:59:17.664674+00:00 app[web.1]: at Function.Module._resolveFilename (internal/modules/cjs/loader.js:623:15)
2019-06-22T16:59:17.664675+00:00 app[web.1]: at Function.Module._load (internal/modules/cjs/loader.js:527:27)
2019-06-22T16:59:17.664677+00:00 app[web.1]: at Module.require (internal/modules/cjs/loader.js:681:19)
2019-06-22T16:59:17.664679+00:00 app[web.1]: at require (internal/modules/cjs/helpers.js:16:16)
2019-06-22T16:59:17.664680+00:00 app[web.1]: at Object.<anonymous> (/app/dist/server.js:2:17)
2019-06-22T16:59:17.664682+00:00 app[web.1]: at Module._compile (internal/modules/cjs/loader.js:774:30)
2019-06-22T16:59:17.664684+00:00 app[web.1]: at Object.Module._extensions..js (internal/modules/cjs/loader.js:785:10)
2019-06-22T16:59:17.664685+00:00 app[web.1]: at Module.load (internal/modules/cjs/loader.js:641:32)
2019-06-22T16:59:17.664687+00:00 app[web.1]: at Function.Module._load (internal/modules/cjs/loader.js:556:12)
2019-06-22T16:59:17.664688+00:00 app[web.1]: at Function.Module.runMain (internal/modules/cjs/loader.js:837:10) {
2019-06-22T16:59:17.664690+00:00 app[web.1]: code: 'MODULE_NOT_FOUND',
2019-06-22T16:59:17.664691+00:00 app[web.1]: requireStack: [ '/app/dist/server.js' ]
2019-06-22T16:59:17.664693+00:00 app[web.1]: }
2019-06-22T16:59:17.670910+00:00 app[web.1]: npm ERR! code ELIFECYCLE
2019-06-22T16:59:17.671359+00:00 app[web.1]: npm ERR! errno 1
2019-06-22T16:59:17.672456+00:00 app[web.1]: npm ERR! admin-angular@0.0.0 start: `node ./dist/server.js`
2019-06-22T16:59:17.672617+00:00 app[web.1]: npm ERR! Exit status 1
2019-06-22T16:59:17.673390+00:00 app[web.1]: npm ERR!
2019-06-22T16:59:17.673394+00:00 app[web.1]: npm ERR! Failed at the admin-angular@0.0.0 start script.
2019-06-22T16:59:17.673396+00:00 app[web.1]: npm ERR! This is probably not a problem with npm. There is likely additional logging output above.
2019-06-22T16:59:17.678201+00:00 app[web.1]: 
2019-06-22T16:59:17.678204+00:00 app[web.1]: npm ERR! A complete log of this run can be found in:
2019-06-22T16:59:17.678440+00:00 app[web.1]: npm ERR!     /app/.npm/_logs/2019-06-22T16_59_17_674Z-debug.log
2019-06-22T16:59:17.736011+00:00 heroku[web.1]: Process exited with status 1
2019-06-22T16:59:27.767267+00:00 heroku[web.1]: Starting process with command `npm start`
2019-06-22T16:59:29.901925+00:00 heroku[web.1]: State changed from starting to crashed
2019-06-22T16:59:29.879598+00:00 heroku[web.1]: Process exited with status 1
2019-06-22T16:59:29.738979+00:00 app[web.1]: 
2019-06-22T16:59:29.739001+00:00 app[web.1]: > admin-angular@0.0.0 start /app
2019-06-22T16:59:29.739004+00:00 app[web.1]: > node ./dist/server.js
2019-06-22T16:59:29.739006+00:00 app[web.1]: 
2019-06-22T16:59:29.792069+00:00 app[web.1]: internal/modules/cjs/loader.js:626
2019-06-22T16:59:29.792072+00:00 app[web.1]: throw err;
2019-06-22T16:59:29.792073+00:00 app[web.1]: ^
2019-06-22T16:59:29.792075+00:00 app[web.1]: 
2019-06-22T16:59:29.792077+00:00 app[web.1]: Error: Cannot find module 'express'
2019-06-22T16:59:29.792078+00:00 app[web.1]: Require stack:
2019-06-22T16:59:29.792080+00:00 app[web.1]: - /app/dist/server.js
2019-06-22T16:59:29.792084+00:00 app[web.1]: at Function.Module._resolveFilename (internal/modules/cjs/loader.js:623:15)
2019-06-22T16:59:29.792086+00:00 app[web.1]: at Function.Module._load (internal/modules/cjs/loader.js:527:27)
2019-06-22T16:59:29.792088+00:00 app[web.1]: at Module.require (internal/modules/cjs/loader.js:681:19)
2019-06-22T16:59:29.792090+00:00 app[web.1]: at require (internal/modules/cjs/helpers.js:16:16)
2019-06-22T16:59:29.792091+00:00 app[web.1]: at Object.<anonymous> (/app/dist/server.js:2:17)
2019-06-22T16:59:29.792093+00:00 app[web.1]: at Module._compile (internal/modules/cjs/loader.js:774:30)
2019-06-22T16:59:29.792094+00:00 app[web.1]: at Object.Module._extensions..js (internal/modules/cjs/loader.js:785:10)
2019-06-22T16:59:29.792096+00:00 app[web.1]: at Module.load (internal/modules/cjs/loader.js:641:32)
2019-06-22T16:59:29.792097+00:00 app[web.1]: at Function.Module._load (internal/modules/cjs/loader.js:556:12)
2019-06-22T16:59:29.792098+00:00 app[web.1]: at Function.Module.runMain (internal/modules/cjs/loader.js:837:10) {
2019-06-22T16:59:29.792100+00:00 app[web.1]: code: 'MODULE_NOT_FOUND',
2019-06-22T16:59:29.792102+00:00 app[web.1]: requireStack: [ '/app/dist/server.js' ]
2019-06-22T16:59:29.792104+00:00 app[web.1]: }
2019-06-22T16:59:29.799437+00:00 app[web.1]: npm ERR! code ELIFECYCLE
2019-06-22T16:59:29.800045+00:00 app[web.1]: npm ERR! errno 1
2019-06-22T16:59:29.801891+00:00 app[web.1]: npm ERR! admin-angular@0.0.0 start: `node ./dist/server.js`
2019-06-22T16:59:29.802100+00:00 app[web.1]: npm ERR! Exit status 1
2019-06-22T16:59:29.802449+00:00 app[web.1]: npm ERR!
2019-06-22T16:59:29.802668+00:00 app[web.1]: npm ERR! Failed at the admin-angular@0.0.0 start script.
2019-06-22T16:59:29.802877+00:00 app[web.1]: npm ERR! This is probably not a problem with npm. There is likely additional logging output above.
2019-06-22T16:59:29.812612+00:00 app[web.1]: 
2019-06-22T16:59:29.812878+00:00 app[web.1]: npm ERR! A complete log of this run can be found in:
2019-06-22T16:59:29.813135+00:00 app[web.1]: npm ERR!     /app/.npm/_logs/2019-06-22T16_59_29_804Z-debug.log
2019-06-22T17:06:06.000000+00:00 app[api]: Build started by user dmoraroca@gmail.com
2019-06-22T17:09:37.083653+00:00 app[api]: Deploy 272e0f1f by user dmoraroca@gmail.com
2019-06-22T17:09:37.083653+00:00 app[api]: Release v4 created by user dmoraroca@gmail.com
2019-06-22T17:09:37.888213+00:00 heroku[web.1]: State changed from crashed to starting
2019-06-22T17:09:51.804257+00:00 heroku[web.1]: Starting process with command `npm start`
2019-06-22T17:09:54.825254+00:00 heroku[web.1]: State changed from starting to crashed
2019-06-22T17:09:54.833217+00:00 heroku[web.1]: State changed from crashed to starting
2019-06-22T17:09:54.799180+00:00 heroku[web.1]: Process exited with status 1
2019-06-22T17:09:54.000000+00:00 app[api]: Build succeeded
2019-06-22T17:09:54.584879+00:00 app[web.1]: 
2019-06-22T17:09:54.584910+00:00 app[web.1]: > admin-angular@0.0.0 start /app
2019-06-22T17:09:54.584913+00:00 app[web.1]: > node ./dist/server.js
2019-06-22T17:09:54.584915+00:00 app[web.1]: 
2019-06-22T17:09:54.673936+00:00 app[web.1]: internal/modules/cjs/loader.js:626
2019-06-22T17:09:54.673940+00:00 app[web.1]: throw err;
2019-06-22T17:09:54.673942+00:00 app[web.1]: ^
2019-06-22T17:09:54.673944+00:00 app[web.1]: 
2019-06-22T17:09:54.673947+00:00 app[web.1]: Error: Cannot find module 'express'
2019-06-22T17:09:54.673949+00:00 app[web.1]: Require stack:
2019-06-22T17:09:54.673951+00:00 app[web.1]: - /app/dist/server.js
2019-06-22T17:09:54.673954+00:00 app[web.1]: at Function.Module._resolveFilename (internal/modules/cjs/loader.js:623:15)
2019-06-22T17:09:54.673956+00:00 app[web.1]: at Function.Module._load (internal/modules/cjs/loader.js:527:27)
2019-06-22T17:09:54.673958+00:00 app[web.1]: at Module.require (internal/modules/cjs/loader.js:681:19)
2019-06-22T17:09:54.673960+00:00 app[web.1]: at require (internal/modules/cjs/helpers.js:16:16)
2019-06-22T17:09:54.673963+00:00 app[web.1]: at Object.<anonymous> (/app/dist/server.js:2:17)
2019-06-22T17:09:54.673965+00:00 app[web.1]: at Module._compile (internal/modules/cjs/loader.js:774:30)
2019-06-22T17:09:54.673967+00:00 app[web.1]: at Object.Module._extensions..js (internal/modules/cjs/loader.js:785:10)
2019-06-22T17:09:54.673969+00:00 app[web.1]: at Module.load (internal/modules/cjs/loader.js:641:32)
2019-06-22T17:09:54.673971+00:00 app[web.1]: at Function.Module._load (internal/modules/cjs/loader.js:556:12)
2019-06-22T17:09:54.673974+00:00 app[web.1]: at Function.Module.runMain (internal/modules/cjs/loader.js:837:10) {
2019-06-22T17:09:54.673976+00:00 app[web.1]: code: 'MODULE_NOT_FOUND',
2019-06-22T17:09:54.673978+00:00 app[web.1]: requireStack: [ '/app/dist/server.js' ]
2019-06-22T17:09:54.673980+00:00 app[web.1]: }
2019-06-22T17:09:54.687454+00:00 app[web.1]: npm ERR! code ELIFECYCLE
2019-06-22T17:09:54.688573+00:00 app[web.1]: npm ERR! errno 1
2019-06-22T17:09:54.692287+00:00 app[web.1]: npm ERR! admin-angular@0.0.0 start: `node ./dist/server.js`
2019-06-22T17:09:54.692591+00:00 app[web.1]: npm ERR! Exit status 1
2019-06-22T17:09:54.692996+00:00 app[web.1]: npm ERR!
2019-06-22T17:09:54.693271+00:00 app[web.1]: npm ERR! Failed at the admin-angular@0.0.0 start script.
2019-06-22T17:09:54.693957+00:00 app[web.1]: npm ERR! This is probably not a problem with npm. There is likely additional logging output above.
2019-06-22T17:09:54.709281+00:00 app[web.1]: 
2019-06-22T17:09:54.709440+00:00 app[web.1]: npm ERR! A complete log of this run can be found in:
2019-06-22T17:09:54.709584+00:00 app[web.1]: npm ERR!     /app/.npm/_logs/2019-06-22T17_09_54_695Z-debug.log
2019-06-22T17:10:09.897669+00:00 heroku[web.1]: Starting process with command `npm start`
2019-06-22T17:10:13.958110+00:00 heroku[web.1]: State changed from starting to crashed
2019-06-22T17:10:13.928965+00:00 heroku[web.1]: Process exited with status 1
2019-06-22T17:10:13.474809+00:00 app[web.1]: 
2019-06-22T17:10:13.474834+00:00 app[web.1]: > admin-angular@0.0.0 start /app
2019-06-22T17:10:13.474837+00:00 app[web.1]: > node ./dist/server.js
2019-06-22T17:10:13.474839+00:00 app[web.1]: 
2019-06-22T17:10:13.742408+00:00 app[web.1]: internal/modules/cjs/loader.js:626
2019-06-22T17:10:13.742454+00:00 app[web.1]: throw err;
2019-06-22T17:10:13.742456+00:00 app[web.1]: ^
2019-06-22T17:10:13.742458+00:00 app[web.1]: 
2019-06-22T17:10:13.742460+00:00 app[web.1]: Error: Cannot find module 'express'
2019-06-22T17:10:13.742462+00:00 app[web.1]: Require stack:
2019-06-22T17:10:13.742464+00:00 app[web.1]: - /app/dist/server.js
2019-06-22T17:10:13.742474+00:00 app[web.1]: at Function.Module._resolveFilename (internal/modules/cjs/loader.js:623:15)
2019-06-22T17:10:13.742476+00:00 app[web.1]: at Function.Module._load (internal/modules/cjs/loader.js:527:27)
2019-06-22T17:10:13.742483+00:00 app[web.1]: at Module.require (internal/modules/cjs/loader.js:681:19)
2019-06-22T17:10:13.742485+00:00 app[web.1]: at require (internal/modules/cjs/helpers.js:16:16)
2019-06-22T17:10:13.742486+00:00 app[web.1]: at Object.<anonymous> (/app/dist/server.js:2:17)
2019-06-22T17:10:13.742488+00:00 app[web.1]: at Module._compile (internal/modules/cjs/loader.js:774:30)
2019-06-22T17:10:13.742491+00:00 app[web.1]: at Object.Module._extensions..js (internal/modules/cjs/loader.js:785:10)
2019-06-22T17:10:13.742493+00:00 app[web.1]: at Module.load (internal/modules/cjs/loader.js:641:32)
2019-06-22T17:10:13.742495+00:00 app[web.1]: at Function.Module._load (internal/modules/cjs/loader.js:556:12)
2019-06-22T17:10:13.742496+00:00 app[web.1]: at Function.Module.runMain (internal/modules/cjs/loader.js:837:10) {
2019-06-22T17:10:13.742498+00:00 app[web.1]: code: 'MODULE_NOT_FOUND',
2019-06-22T17:10:13.742500+00:00 app[web.1]: requireStack: [ '/app/dist/server.js' ]
2019-06-22T17:10:13.742502+00:00 app[web.1]: }
2019-06-22T17:10:13.785416+00:00 app[web.1]: npm ERR! code ELIFECYCLE
2019-06-22T17:10:13.789243+00:00 app[web.1]: npm ERR! errno 1
2019-06-22T17:10:13.797248+00:00 app[web.1]: npm ERR! admin-angular@0.0.0 start: `node ./dist/server.js`
2019-06-22T17:10:13.797253+00:00 app[web.1]: npm ERR! Exit status 1
2019-06-22T17:10:13.801244+00:00 app[web.1]: npm ERR!
2019-06-22T17:10:13.801249+00:00 app[web.1]: npm ERR! Failed at the admin-angular@0.0.0 start script.
2019-06-22T17:10:13.801252+00:00 app[web.1]: npm ERR! This is probably not a problem with npm. There is likely additional logging output above.
2019-06-22T17:10:13.831133+00:00 app[web.1]: 
2019-06-22T17:10:13.831138+00:00 app[web.1]: npm ERR! A complete log of this run can be found in:
2019-06-22T17:10:13.831140+00:00 app[web.1]: npm ERR!     /app/.npm/_logs/2019-06-22T17_10_13_807Z-debug.log
2019-06-22T17:10:14.551150+00:00 heroku[router]: at=error code=H10 desc="App crashed" method=GET path="/" host=dmorarocacv.herokuapp.com request_id=8c54b305-04ef-4cb9-9079-d24b1c6e2c3f fwd="79.148.63.95" dyno= connect= service= status=503 bytes= protocol=https
2019-06-22T17:10:15.889261+00:00 heroku[router]: at=error code=H10 desc="App crashed" method=GET path="/favicon.ico" host=dmorarocacv.herokuapp.com request_id=ec206d7d-58fd-4b17-be9b-6038a649f44b fwd="79.148.63.95" dyno= connect= service= status=503 bytes= protocol=https
2019-06-22T17:21:55.000000+00:00 app[api]: Build started by user dmoraroca@gmail.com
2019-06-22T17:25:50.400930+00:00 app[api]: Deploy bda9fb5e by user dmoraroca@gmail.com
2019-06-22T17:25:50.400930+00:00 app[api]: Release v5 created by user dmoraroca@gmail.com
2019-06-22T17:25:50.846231+00:00 heroku[web.1]: State changed from crashed to starting
2019-06-22T17:26:02.425251+00:00 heroku[web.1]: Starting process with command `npm start`
2019-06-22T17:26:04.616117+00:00 app[web.1]: 
2019-06-22T17:26:04.616143+00:00 app[web.1]: > admin-angular@0.0.0 start /app
2019-06-22T17:26:04.616146+00:00 app[web.1]: > node ./dist/server.js
2019-06-22T17:26:04.616148+00:00 app[web.1]: 
2019-06-22T17:26:04.722729+00:00 app[web.1]: internal/modules/cjs/loader.js:626
2019-06-22T17:26:04.722732+00:00 app[web.1]: throw err;
2019-06-22T17:26:04.722734+00:00 app[web.1]: ^
2019-06-22T17:26:04.722735+00:00 app[web.1]: 
2019-06-22T17:26:04.722737+00:00 app[web.1]: Error: Cannot find module 'express'
2019-06-22T17:26:04.722738+00:00 app[web.1]: Require stack:
2019-06-22T17:26:04.722740+00:00 app[web.1]: - /app/dist/server.js
2019-06-22T17:26:04.722742+00:00 app[web.1]: at Function.Module._resolveFilename (internal/modules/cjs/loader.js:623:15)
2019-06-22T17:26:04.722743+00:00 app[web.1]: at Function.Module._load (internal/modules/cjs/loader.js:527:27)
2019-06-22T17:26:04.722749+00:00 app[web.1]: at Module.require (internal/modules/cjs/loader.js:681:19)
2019-06-22T17:26:04.722750+00:00 app[web.1]: at require (internal/modules/cjs/helpers.js:16:16)
2019-06-22T17:26:04.722752+00:00 app[web.1]: at Object.<anonymous> (/app/dist/server.js:2:17)
2019-06-22T17:26:04.722753+00:00 app[web.1]: at Module._compile (internal/modules/cjs/loader.js:774:30)
2019-06-22T17:26:04.722755+00:00 app[web.1]: at Object.Module._extensions..js (internal/modules/cjs/loader.js:785:10)
2019-06-22T17:26:04.722756+00:00 app[web.1]: at Module.load (internal/modules/cjs/loader.js:641:32)
2019-06-22T17:26:04.722758+00:00 app[web.1]: at Function.Module._load (internal/modules/cjs/loader.js:556:12)
2019-06-22T17:26:04.722759+00:00 app[web.1]: at Function.Module.runMain (internal/modules/cjs/loader.js:837:10) {
2019-06-22T17:26:04.722761+00:00 app[web.1]: code: 'MODULE_NOT_FOUND',
2019-06-22T17:26:04.722762+00:00 app[web.1]: requireStack: [ '/app/dist/server.js' ]
2019-06-22T17:26:04.722764+00:00 app[web.1]: }
2019-06-22T17:26:04.728608+00:00 app[web.1]: npm ERR! code ELIFECYCLE
2019-06-22T17:26:04.729014+00:00 app[web.1]: npm ERR! errno 1
2019-06-22T17:26:04.730183+00:00 app[web.1]: npm ERR! admin-angular@0.0.0 start: `node ./dist/server.js`
2019-06-22T17:26:04.730300+00:00 app[web.1]: npm ERR! Exit status 1
2019-06-22T17:26:04.730535+00:00 app[web.1]: npm ERR!
2019-06-22T17:26:04.730651+00:00 app[web.1]: npm ERR! Failed at the admin-angular@0.0.0 start script.
2019-06-22T17:26:04.730784+00:00 app[web.1]: npm ERR! This is probably not a problem with npm. There is likely additional logging output above.
2019-06-22T17:26:05.306513+00:00 app[web.1]: 
2019-06-22T17:26:05.306735+00:00 app[web.1]: npm ERR! A complete log of this run can be found in:
2019-06-22T17:26:05.306894+00:00 app[web.1]: npm ERR!     /app/.npm/_logs/2019-06-22T17_26_04_732Z-debug.log
2019-06-22T17:26:05.390703+00:00 heroku[web.1]: State changed from starting to crashed
2019-06-22T17:26:05.396591+00:00 heroku[web.1]: State changed from crashed to starting
2019-06-22T17:26:05.368214+00:00 heroku[web.1]: Process exited with status 1
2019-06-22T17:26:08.000000+00:00 app[api]: Build succeeded
2019-06-22T17:26:14.811898+00:00 heroku[web.1]: Starting process with command `npm start`
2019-06-22T17:26:17.231492+00:00 heroku[web.1]: State changed from starting to crashed
2019-06-22T17:26:17.210553+00:00 heroku[web.1]: Process exited with status 1
2019-06-22T17:26:17.070918+00:00 app[web.1]: 
2019-06-22T17:26:17.070945+00:00 app[web.1]: > admin-angular@0.0.0 start /app
2019-06-22T17:26:17.070948+00:00 app[web.1]: > node ./dist/server.js
2019-06-22T17:26:17.070950+00:00 app[web.1]: 
2019-06-22T17:26:17.136818+00:00 app[web.1]: internal/modules/cjs/loader.js:626
2019-06-22T17:26:17.136822+00:00 app[web.1]: throw err;
2019-06-22T17:26:17.136824+00:00 app[web.1]: ^
2019-06-22T17:26:17.136826+00:00 app[web.1]: 
2019-06-22T17:26:17.136827+00:00 app[web.1]: Error: Cannot find module 'express'
2019-06-22T17:26:17.136829+00:00 app[web.1]: Require stack:
2019-06-22T17:26:17.136831+00:00 app[web.1]: - /app/dist/server.js
2019-06-22T17:26:17.136833+00:00 app[web.1]: at Function.Module._resolveFilename (internal/modules/cjs/loader.js:623:15)
2019-06-22T17:26:17.136835+00:00 app[web.1]: at Function.Module._load (internal/modules/cjs/loader.js:527:27)
2019-06-22T17:26:17.136840+00:00 app[web.1]: at Module.require (internal/modules/cjs/loader.js:681:19)
2019-06-22T17:26:17.136842+00:00 app[web.1]: at require (internal/modules/cjs/helpers.js:16:16)
2019-06-22T17:26:17.136843+00:00 app[web.1]: at Object.<anonymous> (/app/dist/server.js:2:17)
2019-06-22T17:26:17.136845+00:00 app[web.1]: at Module._compile (internal/modules/cjs/loader.js:774:30)
2019-06-22T17:26:17.136846+00:00 app[web.1]: at Object.Module._extensions..js (internal/modules/cjs/loader.js:785:10)
2019-06-22T17:26:17.136848+00:00 app[web.1]: at Module.load (internal/modules/cjs/loader.js:641:32)
2019-06-22T17:26:17.136850+00:00 app[web.1]: at Function.Module._load (internal/modules/cjs/loader.js:556:12)
2019-06-22T17:26:17.136851+00:00 app[web.1]: at Function.Module.runMain (internal/modules/cjs/loader.js:837:10) {
2019-06-22T17:26:17.136853+00:00 app[web.1]: code: 'MODULE_NOT_FOUND',
2019-06-22T17:26:17.136855+00:00 app[web.1]: requireStack: [ '/app/dist/server.js' ]
2019-06-22T17:26:17.136856+00:00 app[web.1]: }
2019-06-22T17:26:17.143302+00:00 app[web.1]: npm ERR! code ELIFECYCLE
2019-06-22T17:26:17.143735+00:00 app[web.1]: npm ERR! errno 1
2019-06-22T17:26:17.144948+00:00 app[web.1]: npm ERR! admin-angular@0.0.0 start: `node ./dist/server.js`
2019-06-22T17:26:17.145082+00:00 app[web.1]: npm ERR! Exit status 1
2019-06-22T17:26:17.145316+00:00 app[web.1]: npm ERR!
2019-06-22T17:26:17.145464+00:00 app[web.1]: npm ERR! Failed at the admin-angular@0.0.0 start script.
2019-06-22T17:26:17.145600+00:00 app[web.1]: npm ERR! This is probably not a problem with npm. There is likely additional logging output above.
2019-06-22T17:26:17.152855+00:00 app[web.1]: 
2019-06-22T17:26:17.153083+00:00 app[web.1]: npm ERR! A complete log of this run can be found in:
2019-06-22T17:26:17.153218+00:00 app[web.1]: npm ERR!     /app/.npm/_logs/2019-06-22T17_26_17_147Z-debug.log
2019-06-22T17:26:42.866491+00:00 heroku[router]: at=error code=H10 desc="App crashed" method=GET path="/" host=dmorarocacv.herokuapp.com request_id=1d5acdbb-752e-497e-9071-71ae3c5c3c50 fwd="79.148.63.95" dyno= connect= service= status=503 bytes= protocol=https
2019-06-22T17:26:43.122531+00:00 heroku[router]: at=error code=H10 desc="App crashed" method=GET path="/favicon.ico" host=dmorarocacv.herokuapp.com request_id=95a75adb-d78d-48de-b657-27f389887644 fwd="79.148.63.95" dyno= connect= service= status=503 bytes= protocol=https
2019-06-22T17:51:25.345087+00:00 heroku[web.1]: State changed from crashed to starting
2019-06-22T17:51:42.208636+00:00 heroku[web.1]: Starting process with command `npm start`
2019-06-22T17:51:45.223113+00:00 heroku[web.1]: Process exited with status 1
2019-06-22T17:51:45.254625+00:00 heroku[web.1]: State changed from starting to crashed
2019-06-22T17:51:44.972613+00:00 app[web.1]: 
2019-06-22T17:51:44.972630+00:00 app[web.1]: > admin-angular@0.0.0 start /app
2019-06-22T17:51:44.972632+00:00 app[web.1]: > node ./dist/server.js
2019-06-22T17:51:44.972634+00:00 app[web.1]: 
2019-06-22T17:51:45.071978+00:00 app[web.1]: internal/modules/cjs/loader.js:626
2019-06-22T17:51:45.071982+00:00 app[web.1]: throw err;
2019-06-22T17:51:45.071987+00:00 app[web.1]: ^
2019-06-22T17:51:45.071989+00:00 app[web.1]: 
2019-06-22T17:51:45.071992+00:00 app[web.1]: Error: Cannot find module 'express'
2019-06-22T17:51:45.071994+00:00 app[web.1]: Require stack:
2019-06-22T17:51:45.071996+00:00 app[web.1]: - /app/dist/server.js
2019-06-22T17:51:45.071998+00:00 app[web.1]: at Function.Module._resolveFilename (internal/modules/cjs/loader.js:623:15)
2019-06-22T17:51:45.072001+00:00 app[web.1]: at Function.Module._load (internal/modules/cjs/loader.js:527:27)
2019-06-22T17:51:45.072003+00:00 app[web.1]: at Module.require (internal/modules/cjs/loader.js:681:19)
2019-06-22T17:51:45.072005+00:00 app[web.1]: at require (internal/modules/cjs/helpers.js:16:16)
2019-06-22T17:51:45.072007+00:00 app[web.1]: at Object.<anonymous> (/app/dist/server.js:2:17)
2019-06-22T17:51:45.072009+00:00 app[web.1]: at Module._compile (internal/modules/cjs/loader.js:774:30)
2019-06-22T17:51:45.072012+00:00 app[web.1]: at Object.Module._extensions..js (internal/modules/cjs/loader.js:785:10)
2019-06-22T17:51:45.072014+00:00 app[web.1]: at Module.load (internal/modules/cjs/loader.js:641:32)
2019-06-22T17:51:45.072016+00:00 app[web.1]: at Function.Module._load (internal/modules/cjs/loader.js:556:12)
2019-06-22T17:51:45.072018+00:00 app[web.1]: at Function.Module.runMain (internal/modules/cjs/loader.js:837:10) {
2019-06-22T17:51:45.072020+00:00 app[web.1]: code: 'MODULE_NOT_FOUND',
2019-06-22T17:51:45.072022+00:00 app[web.1]: requireStack: [ '/app/dist/server.js' ]
2019-06-22T17:51:45.072024+00:00 app[web.1]: }
2019-06-22T17:51:45.100923+00:00 app[web.1]: npm ERR! code ELIFECYCLE
2019-06-22T17:51:45.101467+00:00 app[web.1]: npm ERR! errno 1
2019-06-22T17:51:45.103144+00:00 app[web.1]: npm ERR! admin-angular@0.0.0 start: `node ./dist/server.js`
2019-06-22T17:51:45.103318+00:00 app[web.1]: npm ERR! Exit status 1
2019-06-22T17:51:45.103608+00:00 app[web.1]: npm ERR!
2019-06-22T17:51:45.103797+00:00 app[web.1]: npm ERR! Failed at the admin-angular@0.0.0 start script.
2019-06-22T17:51:45.103973+00:00 app[web.1]: npm ERR! This is probably not a problem with npm. There is likely additional logging output above.
2019-06-22T17:51:45.112464+00:00 app[web.1]: 
2019-06-22T17:51:45.112648+00:00 app[web.1]: npm ERR! A complete log of this run can be found in:
2019-06-22T17:51:45.112763+00:00 app[web.1]: npm ERR!     /app/.npm/_logs/2019-06-22T17_51_45_105Z-debug.log
2019-06-22T18:41:44.444620+00:00 heroku[web.1]: State changed from crashed to starting
2019-06-22T18:41:54.386275+00:00 heroku[web.1]: Starting process with command `npm start`
2019-06-22T18:41:56.723583+00:00 heroku[web.1]: State changed from starting to crashed
2019-06-22T18:41:56.701002+00:00 heroku[web.1]: Process exited with status 1
2019-06-22T18:41:56.546215+00:00 app[web.1]: 
2019-06-22T18:41:56.546245+00:00 app[web.1]: > admin-angular@0.0.0 start /app
2019-06-22T18:41:56.546248+00:00 app[web.1]: > node ./dist/server.js
2019-06-22T18:41:56.546250+00:00 app[web.1]: 
2019-06-22T18:41:56.602191+00:00 app[web.1]: internal/modules/cjs/loader.js:626
2019-06-22T18:41:56.602195+00:00 app[web.1]: throw err;
2019-06-22T18:41:56.602197+00:00 app[web.1]: ^
2019-06-22T18:41:56.602199+00:00 app[web.1]: 
2019-06-22T18:41:56.602201+00:00 app[web.1]: Error: Cannot find module 'express'
2019-06-22T18:41:56.602203+00:00 app[web.1]: Require stack:
2019-06-22T18:41:56.602208+00:00 app[web.1]: - /app/dist/server.js
2019-06-22T18:41:56.602211+00:00 app[web.1]: at Function.Module._resolveFilename (internal/modules/cjs/loader.js:623:15)
2019-06-22T18:41:56.602213+00:00 app[web.1]: at Function.Module._load (internal/modules/cjs/loader.js:527:27)
2019-06-22T18:41:56.602215+00:00 app[web.1]: at Module.require (internal/modules/cjs/loader.js:681:19)
2019-06-22T18:41:56.602218+00:00 app[web.1]: at require (internal/modules/cjs/helpers.js:16:16)
2019-06-22T18:41:56.602220+00:00 app[web.1]: at Object.<anonymous> (/app/dist/server.js:2:17)
2019-06-22T18:41:56.602222+00:00 app[web.1]: at Module._compile (internal/modules/cjs/loader.js:774:30)
2019-06-22T18:41:56.602224+00:00 app[web.1]: at Object.Module._extensions..js (internal/modules/cjs/loader.js:785:10)
2019-06-22T18:41:56.602226+00:00 app[web.1]: at Module.load (internal/modules/cjs/loader.js:641:32)
2019-06-22T18:41:56.602228+00:00 app[web.1]: at Function.Module._load (internal/modules/cjs/loader.js:556:12)
2019-06-22T18:41:56.602230+00:00 app[web.1]: at Function.Module.runMain (internal/modules/cjs/loader.js:837:10) {
2019-06-22T18:41:56.602232+00:00 app[web.1]: code: 'MODULE_NOT_FOUND',
2019-06-22T18:41:56.602234+00:00 app[web.1]: requireStack: [ '/app/dist/server.js' ]
2019-06-22T18:41:56.602236+00:00 app[web.1]: }
2019-06-22T18:41:56.610844+00:00 app[web.1]: npm ERR! code ELIFECYCLE
2019-06-22T18:41:56.611315+00:00 app[web.1]: npm ERR! errno 1
2019-06-22T18:41:56.612622+00:00 app[web.1]: npm ERR! admin-angular@0.0.0 start: `node ./dist/server.js`
2019-06-22T18:41:56.612728+00:00 app[web.1]: npm ERR! Exit status 1
2019-06-22T18:41:56.612982+00:00 app[web.1]: npm ERR!
2019-06-22T18:41:56.613102+00:00 app[web.1]: npm ERR! Failed at the admin-angular@0.0.0 start script.
2019-06-22T18:41:56.613234+00:00 app[web.1]: npm ERR! This is probably not a problem with npm. There is likely additional logging output above.
2019-06-22T18:41:56.623562+00:00 app[web.1]: 
2019-06-22T18:41:56.623839+00:00 app[web.1]: npm ERR! A complete log of this run can be found in:
2019-06-22T18:41:56.624023+00:00 app[web.1]: npm ERR!     /app/.npm/_logs/2019-06-22T18_41_56_614Z-debug.log
